<?xml version="1.0" encoding="UTF-8" ?>
<testsuite tests="1" failures="0" name="com.se.pi.AppTest" time="0.003" errors="0" skipped="0">
  <properties>
    <property name="os.detected.version" value="5.17"/>
    <property name="idea.version" value="2021.3.2"/>
    <property name="java.runtime.name" value="OpenJDK Runtime Environment"/>
    <property name="sun.boot.library.path" value="/home/luisnegrao/.jdks/corretto-1.8.0_322/jre/lib/amd64"/>
    <property name="java.vm.version" value="25.322-b06"/>
    <property name="java.vm.vendor" value="Amazon.com Inc."/>
    <property name="maven.multiModuleProjectDirectory" value="/home/luisnegrao/Faculdade/5ano/SE/SE-Project/SE-Project/pi"/>
    <property name="java.vendor.url" value="https://aws.amazon.com/corretto/"/>
    <property name="os.detected.version.minor" value="17"/>
    <property name="path.separator" value=":"/>
    <property name="guice.disable.misplaced.annotation.check" value="true"/>
    <property name="java.vm.name" value="OpenJDK 64-Bit Server VM"/>
    <property name="file.encoding.pkg" value="sun.io"/>
    <property name="user.country" value="US"/>
    <property name="sun.java.launcher" value="SUN_STANDARD"/>
    <property name="sun.os.patch.level" value="unknown"/>
    <property name="java.vm.specification.name" value="Java Virtual Machine Specification"/>
    <property name="user.dir" value="/home/luisnegrao/Faculdade/5ano/SE/SE-Project/SE-Project/pi"/>
    <property name="os.detected.release.like.debian" value="true"/>
    <property name="java.runtime.version" value="1.8.0_322-b06"/>
    <property name="java.awt.graphicsenv" value="sun.awt.X11GraphicsEnvironment"/>
    <property name="java.endorsed.dirs" value="/home/luisnegrao/.jdks/corretto-1.8.0_322/jre/lib/endorsed"/>
    <property name="os.arch" value="amd64"/>
    <property name="java.io.tmpdir" value="/tmp"/>
    <property name="os.detected.release.version" value="21.10"/>
    <property name="line.separator" value="
"/>
    <property name="java.vm.specification.vendor" value="Oracle Corporation"/>
    <property name="os.detected.version.major" value="5"/>
    <property name="os.name" value="Linux"/>
    <property name="os.detected.classifier" value="linux-x86_64"/>
    <property name="maven.ext.class.path" value="/home/luisnegrao/.local/share/JetBrains/Toolbox/apps/IDEA-U/ch-0/213.6777.52/plugins/maven/lib/maven-event-listener.jar"/>
    <property name="classworlds.conf" value="/home/luisnegrao/.local/share/JetBrains/Toolbox/apps/IDEA-U/ch-0/213.6777.52/plugins/maven/lib/maven3/bin/m2.conf"/>
    <property name="sun.jnu.encoding" value="UTF-8"/>
    <property name="java.library.path" value="/usr/java/packages/lib/amd64:/usr/lib64:/lib64:/lib:/usr/lib"/>
    <property name="os.detected.arch" value="x86_64"/>
    <property name="maven.conf" value="/home/luisnegrao/.local/share/JetBrains/Toolbox/apps/IDEA-U/ch-0/213.6777.52/plugins/maven/lib/maven3/conf"/>
    <property name="java.class.version" value="52.0"/>
    <property name="java.specification.name" value="Java Platform API Specification"/>
    <property name="sun.management.compiler" value="HotSpot 64-Bit Tiered Compilers"/>
    <property name="os.detected.name" value="linux"/>
    <property name="os.version" value="5.17.5-76051705-generic"/>
    <property name="user.home" value="/home/luisnegrao"/>
    <property name="user.timezone" value="Europe/Lisbon"/>
    <property name="java.awt.printerjob" value="sun.print.PSPrinterJob"/>
    <property name="java.specification.version" value="1.8"/>
    <property name="file.encoding" value="UTF-8"/>
    <property name="os.detected.release" value="pop"/>
    <property name="user.name" value="luisnegrao"/>
    <property name="java.class.path" value="/home/luisnegrao/.local/share/JetBrains/Toolbox/apps/IDEA-U/ch-0/213.6777.52/plugins/maven/lib/maven3/boot/plexus-classworlds.license:/home/luisnegrao/.local/share/JetBrains/Toolbox/apps/IDEA-U/ch-0/213.6777.52/plugins/maven/lib/maven3/boot/plexus-classworlds-2.6.0.jar:/home/luisnegrao/.local/share/JetBrains/Toolbox/apps/IDEA-U/ch-0/213.6777.52/lib/idea_rt.jar"/>
    <property name="java.vm.specification.version" value="1.8"/>
    <property name="sun.arch.data.model" value="64"/>
    <property name="java.home" value="/home/luisnegrao/.jdks/corretto-1.8.0_322/jre"/>
    <property name="sun.java.command" value="org.codehaus.classworlds.Launcher -Didea.version=2021.3.2 install"/>
    <property name="java.specification.vendor" value="Oracle Corporation"/>
    <property name="user.language" value="en"/>
    <property name="awt.toolkit" value="sun.awt.X11.XToolkit"/>
    <property name="java.vm.info" value="mixed mode"/>
    <property name="os.detected.release.like.ubuntu" value="true"/>
    <property name="java.version" value="1.8.0_322"/>
    <property name="java.ext.dirs" value="/home/luisnegrao/.jdks/corretto-1.8.0_322/jre/lib/ext:/usr/java/packages/lib/ext"/>
    <property name="securerandom.source" value="file:/dev/./urandom"/>
    <property name="sun.boot.class.path" value="/home/luisnegrao/.jdks/corretto-1.8.0_322/jre/lib/resources.jar:/home/luisnegrao/.jdks/corretto-1.8.0_322/jre/lib/rt.jar:/home/luisnegrao/.jdks/corretto-1.8.0_322/jre/lib/sunrsasign.jar:/home/luisnegrao/.jdks/corretto-1.8.0_322/jre/lib/jsse.jar:/home/luisnegrao/.jdks/corretto-1.8.0_322/jre/lib/jce.jar:/home/luisnegrao/.jdks/corretto-1.8.0_322/jre/lib/charsets.jar:/home/luisnegrao/.jdks/corretto-1.8.0_322/jre/lib/jfr.jar:/home/luisnegrao/.jdks/corretto-1.8.0_322/jre/classes"/>
    <property name="java.vendor" value="Amazon.com Inc."/>
    <property name="maven.home" value="/home/luisnegrao/.local/share/JetBrains/Toolbox/apps/IDEA-U/ch-0/213.6777.52/plugins/maven/lib/maven3"/>
    <property name="file.separator" value="/"/>
    <property name="java.vendor.url.bug" value="https://github.com/corretto/corretto-8/issues/"/>
    <property name="sun.cpu.endian" value="little"/>
    <property name="sun.io.unicode.encoding" value="UnicodeLittle"/>
    <property name="os.detected.release.like.pop" value="true"/>
    <property name="sun.desktop" value="gnome"/>
    <property name="sun.cpu.isalist" value=""/>
  </properties>
  <testcase classname="com.se.pi.AppTest" name="shouldAnswerWithTrue" time="0.003"/>
</testsuite>